2021-01-09 12:47:01,381 CRIT Supervisor running as root (no user in config file)
2021-01-09 12:47:01,383 INFO supervisord started with pid 1
2021-01-09 12:47:02,385 INFO spawned: 'nginx' with pid 8
2021-01-09 12:47:02,386 INFO spawnerr: can't find command 'php-fpm7.0'
2021-01-09 12:47:03,407 INFO success: nginx entered RUNNING state, process has stayed up for > than 1 seconds (startsecs)
2021-01-09 12:47:03,408 INFO spawnerr: can't find command 'php-fpm7.0'
2021-01-09 12:47:05,410 INFO spawnerr: can't find command 'php-fpm7.0'
2021-01-09 12:47:08,413 INFO spawnerr: can't find command 'php-fpm7.0'
2021-01-09 12:47:08,413 INFO gave up: php-fpm entered FATAL state, too many start retries too quickly
2021-01-09 12:48:44,475 WARN received SIGTERM indicating exit request
2021-01-09 12:48:44,475 INFO waiting for nginx to die
2021-01-09 12:48:45,480 INFO stopped: nginx (exit status 0)
2021-01-09 12:52:54,691 CRIT Supervisor running as root (no user in config file)
2021-01-09 12:52:54,693 INFO supervisord started with pid 1
2021-01-09 12:52:55,695 INFO spawned: 'nginx' with pid 8
2021-01-09 12:52:55,695 INFO spawnerr: can't find command 'php-fpm7.0'
2021-01-09 12:52:56,713 INFO success: nginx entered RUNNING state, process has stayed up for > than 1 seconds (startsecs)
2021-01-09 12:52:56,714 INFO spawnerr: can't find command 'php-fpm7.0'
2021-01-09 12:52:58,716 INFO spawnerr: can't find command 'php-fpm7.0'
2021-01-09 12:53:01,718 INFO spawnerr: can't find command 'php-fpm7.0'
2021-01-09 12:53:01,719 INFO gave up: php-fpm entered FATAL state, too many start retries too quickly
2021-01-09 12:54:07,077 WARN received SIGTERM indicating exit request
2021-01-09 12:54:07,078 INFO waiting for nginx to die
2021-01-09 12:54:08,083 INFO stopped: nginx (exit status 0)
